\BOOKMARK [0][-]{chapter*.1}{\376\377\000E\000r\000k\000l\000\344\000r\000u\000n\000g}{}% 1
\BOOKMARK [0][-]{chapter*.3}{\376\377\000V\000o\000r\000w\000o\000r\000t}{}% 2
\BOOKMARK [0][-]{chapter*.4}{\376\377\000K\000u\000r\000z\000f\000a\000s\000s\000u\000n\000g}{}% 3
\BOOKMARK [0][-]{chapter*.5}{\376\377\000A\000b\000s\000t\000r\000a\000c\000t}{}% 4
\BOOKMARK [0][-]{chapter.1}{\376\377\000E\000i\000n\000l\000e\000i\000t\000u\000n\000g}{}% 5
\BOOKMARK [1][-]{section.1.1}{\376\377\000M\000o\000t\000i\000v\000a\000t\000i\000o\000n}{chapter.1}% 6
\BOOKMARK [1][-]{section.1.2}{\376\377\000P\000r\000o\000b\000l\000e\000m\000s\000t\000e\000l\000l\000u\000n\000g}{chapter.1}% 7
\BOOKMARK [1][-]{section.1.3}{\376\377\000U\000m\000s\000e\000t\000z\000u\000n\000g}{chapter.1}% 8
\BOOKMARK [1][-]{section.1.4}{\376\377\000E\000v\000a\000l\000u\000a\000t\000i\000o\000n}{chapter.1}% 9
\BOOKMARK [1][-]{section.1.5}{\376\377\000R\000e\000l\000a\000t\000e\000d\000\040\000w\000o\000r\000k}{chapter.1}% 10
\BOOKMARK [0][-]{chapter.2}{\376\377\000G\000r\000u\000n\000d\000l\000a\000g\000e\000n}{}% 11
\BOOKMARK [1][-]{section.2.1}{\376\377\000V\000i\000e\000r\000\040\000G\000e\000w\000i\000n\000n\000t}{chapter.2}% 12
\BOOKMARK [1][-]{section.2.2}{\376\377\000R\000e\000i\000n\000f\000o\000r\000c\000e\000m\000e\000n\000t\000\040\000L\000e\000a\000r\000n\000i\000n\000g}{chapter.2}% 13
\BOOKMARK [2][-]{subsection.2.2.1}{\376\377\000A\000g\000e\000n\000t}{section.2.2}% 14
\BOOKMARK [2][-]{subsection.2.2.2}{\376\377\000E\000n\000v\000i\000r\000o\000n\000m\000e\000n\000t}{section.2.2}% 15
\BOOKMARK [2][-]{subsection.2.2.3}{\376\377\000P\000o\000l\000i\000c\000y}{section.2.2}% 16
\BOOKMARK [2][-]{subsection.2.2.4}{\376\377\000S\000t\000a\000t\000e}{section.2.2}% 17
\BOOKMARK [2][-]{subsection.2.2.5}{\376\377\000A\000c\000t\000i\000o\000n\000s}{section.2.2}% 18
\BOOKMARK [2][-]{subsection.2.2.6}{\376\377\000R\000e\000w\000a\000r\000d}{section.2.2}% 19
\BOOKMARK [2][-]{subsection.2.2.7}{\376\377\000Q\000-\000F\000u\000n\000k\000t\000i\000o\000n}{section.2.2}% 20
\BOOKMARK [2][-]{subsection.2.2.8}{\376\377\000p\000s\000y\000c\000h\000o\000l\000o\000g\000i\000s\000c\000h\000e\000r\000\040\000H\000i\000n\000t\000e\000r\000g\000r\000u\000n\000d}{section.2.2}% 21
\BOOKMARK [1][-]{section.2.3}{\376\377\000S\000o\000f\000t\000w\000a\000r\000e}{chapter.2}% 22
\BOOKMARK [2][-]{subsection.2.3.1}{\376\377\000P\000y\000t\000h\000o\000n}{section.2.3}% 23
\BOOKMARK [2][-]{subsection.2.3.2}{\376\377\000T\000e\000n\000s\000o\000r\000f\000l\000o\000w}{section.2.3}% 24
\BOOKMARK [2][-]{subsection.2.3.3}{\376\377\000K\000e\000r\000a\000s}{section.2.3}% 25
\BOOKMARK [2][-]{subsection.2.3.4}{\376\377\000A\000i\000\040\000G\000y\000m}{section.2.3}% 26
\BOOKMARK [0][-]{chapter.3}{\376\377\000K\000o\000n\000z\000e\000p\000t}{}% 27
\BOOKMARK [1][-]{section.3.1}{\376\377\000P\000l\000a\000n}{chapter.3}% 28
\BOOKMARK [0][-]{chapter.4}{\376\377\000I\000m\000p\000l\000e\000m\000e\000n\000t\000i\000e\000r\000u\000n\000g}{}% 29
\BOOKMARK [1][-]{section.4.1}{\376\377\000A\000g\000e\000n\000t}{chapter.4}% 30
\BOOKMARK [1][-]{section.4.2}{\376\377\000E\000n\000v\000i\000r\000o\000n\000m\000e\000n\000t}{chapter.4}% 31
\BOOKMARK [1][-]{section.4.3}{\376\377\000P\000o\000l\000i\000c\000y}{chapter.4}% 32
\BOOKMARK [1][-]{section.4.4}{\376\377\000R\000e\000w\000a\000r\000d}{chapter.4}% 33
\BOOKMARK [1][-]{section.4.5}{\376\377\000S\000t\000a\000t\000e}{chapter.4}% 34
\BOOKMARK [1][-]{section.4.6}{\376\377\000A\000c\000t\000i\000o\000n\000s}{chapter.4}% 35
\BOOKMARK [0][-]{chapter.5}{\376\377\000E\000v\000a\000l\000u\000i\000e\000r\000u\000n\000g}{}% 36
\BOOKMARK [1][-]{section.5.1}{\376\377\000A\000u\000s\000w\000e\000r\000t\000u\000n\000g}{chapter.5}% 37
\BOOKMARK [0][-]{chapter.6}{\376\377\000F\000a\000z\000i\000t}{}% 38
\BOOKMARK [1][-]{section.6.1}{\376\377\000B\000e\000s\000o\000n\000d\000e\000r\000h\000e\000i\000t\000e\000n}{chapter.6}% 39
\BOOKMARK [0][-]{appendix*.6}{\376\377\000Q\000u\000e\000l\000l\000e\000n\000v\000e\000r\000z\000e\000i\000c\000h\000n\000i\000s}{}% 40
